<?xml version="1.0" encoding="utf-8" standalone="no"?>
<!--This file represents the results of running a test suite-->
<test-results name="C:\Documents and Settings\Administrator\Desktop\NewLivingFrameworkSample\BusinessServer.Tests\BusinessServer.Tests.csproj" total="1" failures="0" not-run="0" date="2008-10-12" time="18:06:08">
  <environment nunit-version="2.4.8.0" clr-version="2.0.50727.3053" os-version="Microsoft Windows NT 5.2.3790 Service Pack 2" platform="Win32NT" cwd="C:\Documents and Settings\Administrator\Desktop\NewLivingFrameworkSample\BusinessServer.Tests" machine-name="SVR8" user="Administrator" user-domain="SVR8" />
  <culture-info current-culture="en-US" current-uiculture="en-US" />
  <test-suite name="C:\Documents and Settings\Administrator\Desktop\NewLivingFrameworkSample\BusinessServer.Tests\BusinessServer.Tests.csproj" success="True" time="12.167" asserts="0">
    <results>
      <test-suite name="C:\Documents and Settings\Administrator\Desktop\NewLivingFrameworkSample\BusinessServer.Tests\bin\Debug\BusinessServer.Tests.dll" success="True" time="12.167" asserts="0">
        <results>
          <test-suite name="BusinessServer" success="True" time="12.167" asserts="0">
            <results>
              <test-suite name="Tests" success="True" time="12.167" asserts="0">
                <results>
                  <test-suite name="EmpresaTests" success="True" time="12.147" asserts="10">
                    <results>
                      <test-case name="BusinessServer.Tests.EmpresaTests.TestGetAllAndCompare" executed="True" success="True" time="0.401" asserts="10" />
                    </results>
                  </test-suite>
                </results>
              </test-suite>
            </results>
          </test-suite>
        </results>
      </test-suite>
    </results>
  </test-suite>
</test-results>